mode: set
github.com/VanGoghDev/practicum-metrics/internal/server/config/mocks/reader.go:26.79,30.2 3 0
github.com/VanGoghDev/practicum-metrics/internal/server/config/mocks/reader.go:33.77,35.2 1 0
github.com/VanGoghDev/practicum-metrics/internal/server/config/mocks/reader.go:38.75,43.2 4 0
github.com/VanGoghDev/practicum-metrics/internal/server/config/mocks/reader.go:46.92,49.2 2 0
github.com/VanGoghDev/practicum-metrics/internal/server/config/mocks/reader.go:63.67,67.2 3 0
github.com/VanGoghDev/practicum-metrics/internal/server/config/mocks/reader.go:70.65,72.2 1 0
github.com/VanGoghDev/practicum-metrics/internal/server/config/mocks/reader.go:75.63,80.2 4 0
github.com/VanGoghDev/practicum-metrics/internal/server/config/mocks/reader.go:83.80,86.2 2 0
github.com/VanGoghDev/practicum-metrics/internal/server/config/config.go:37.93,40.55 2 1
github.com/VanGoghDev/practicum-metrics/internal/server/config/config.go:40.55,42.3 1 1
github.com/VanGoghDev/practicum-metrics/internal/server/config/config.go:44.2,44.51 1 1
github.com/VanGoghDev/practicum-metrics/internal/server/config/config.go:44.51,46.3 1 1
github.com/VanGoghDev/practicum-metrics/internal/server/config/config.go:48.2,48.17 1 1
github.com/VanGoghDev/practicum-metrics/internal/server/config/reader.go:25.56,26.16 1 1
github.com/VanGoghDev/practicum-metrics/internal/server/config/reader.go:26.16,28.3 1 1
github.com/VanGoghDev/practicum-metrics/internal/server/config/reader.go:29.2,29.39 1 1
github.com/VanGoghDev/practicum-metrics/internal/server/config/reader.go:29.39,31.3 1 0
github.com/VanGoghDev/practicum-metrics/internal/server/config/reader.go:32.2,32.12 1 1
github.com/VanGoghDev/practicum-metrics/internal/server/config/reader.go:38.51,39.16 1 1
github.com/VanGoghDev/practicum-metrics/internal/server/config/reader.go:39.16,41.3 1 1
github.com/VanGoghDev/practicum-metrics/internal/server/config/reader.go:43.2,55.53 12 1
github.com/VanGoghDev/practicum-metrics/internal/server/config/reader.go:55.53,57.3 1 1
github.com/VanGoghDev/practicum-metrics/internal/server/config/reader.go:59.2,59.52 1 1
github.com/VanGoghDev/practicum-metrics/internal/server/config/reader.go:59.52,61.3 1 1
github.com/VanGoghDev/practicum-metrics/internal/server/config/reader.go:63.2,63.63 1 1
github.com/VanGoghDev/practicum-metrics/internal/server/config/reader.go:63.63,65.3 1 1
github.com/VanGoghDev/practicum-metrics/internal/server/config/reader.go:67.2,67.58 1 1
github.com/VanGoghDev/practicum-metrics/internal/server/config/reader.go:67.58,69.3 1 1
github.com/VanGoghDev/practicum-metrics/internal/server/config/reader.go:71.2,71.53 1 1
github.com/VanGoghDev/practicum-metrics/internal/server/config/reader.go:71.53,73.3 1 1
github.com/VanGoghDev/practicum-metrics/internal/server/config/reader.go:75.2,75.60 1 1
github.com/VanGoghDev/practicum-metrics/internal/server/config/reader.go:75.60,77.3 1 1
github.com/VanGoghDev/practicum-metrics/internal/server/config/reader.go:77.8,79.17 2 0
github.com/VanGoghDev/practicum-metrics/internal/server/config/reader.go:79.17,81.4 1 0
github.com/VanGoghDev/practicum-metrics/internal/server/config/reader.go:82.3,82.53 1 0
github.com/VanGoghDev/practicum-metrics/internal/server/config/reader.go:85.2,85.49 1 1
github.com/VanGoghDev/practicum-metrics/internal/server/config/reader.go:85.49,87.3 1 1
github.com/VanGoghDev/practicum-metrics/internal/server/config/reader.go:88.2,88.12 1 1
github.com/VanGoghDev/practicum-metrics/internal/server/config/mocks/reader.go:26.79,30.2 3 1
github.com/VanGoghDev/practicum-metrics/internal/server/config/mocks/reader.go:33.77,35.2 1 1
github.com/VanGoghDev/practicum-metrics/internal/server/config/mocks/reader.go:38.75,43.2 4 1
github.com/VanGoghDev/practicum-metrics/internal/server/config/mocks/reader.go:46.92,49.2 2 1
github.com/VanGoghDev/practicum-metrics/internal/server/config/mocks/reader.go:63.67,67.2 3 1
github.com/VanGoghDev/practicum-metrics/internal/server/config/mocks/reader.go:70.65,72.2 1 1
github.com/VanGoghDev/practicum-metrics/internal/server/config/mocks/reader.go:75.63,80.2 4 1
github.com/VanGoghDev/practicum-metrics/internal/server/config/mocks/reader.go:83.80,86.2 2 1
